<?xml version="1.0" encoding="UTF-8"?>
<!-- Generated by org.testng.reporters.JUnitReportReporter -->
<testsuite skipped="0" hostname="DESKTOP-PSS892V" name="Testng.Purchase" tests="14" failures="0" timestamp="2023-01-04T18:49:20 AST" time="260.050" errors="0">
  <testcase name="TC017" time="38.780" classname="Testng.Purchase"/>
  <system-out/>
  <testcase name="TC018" time="23.375" classname="Testng.Purchase"/>
  <system-out/>
  <testcase name="TC019" time="20.609" classname="Testng.Purchase"/>
  <system-out/>
  <testcase name="TC020" time="21.517" classname="Testng.Purchase"/>
  <system-out/>
  <testcase name="TC021" time="12.104" classname="Testng.Purchase"/>
  <system-out/>
  <testcase name="TC022" time="25.053" classname="Testng.Purchase"/>
  <system-out/>
  <testcase name="TC023" time="24.102" classname="Testng.Purchase"/>
  <system-out/>
  <testcase name="TC024" time="30.539" classname="Testng.Purchase"/>
  <system-out/>
  <testcase name="TC025" time="8.241" classname="Testng.Purchase"/>
  <system-out/>
  <testcase name="TC026" time="7.243" classname="Testng.Purchase"/>
  <system-out/>
  <testcase name="TC027" time="10.491" classname="Testng.Purchase"/>
  <system-out/>
  <testcase name="TC028" time="10.350" classname="Testng.Purchase"/>
  <system-out/>
  <testcase name="TC029" time="10.259" classname="Testng.Purchase"/>
  <system-out/>
  <testcase name="TC030" time="17.387" classname="Testng.Purchase"/>
  <system-out/>
</testsuite> <!-- Testng.Purchase -->
