<?xml version="1.0" encoding="UTF-8"?>
<!-- Generated by org.testng.reporters.JUnitReportReporter -->
<testsuite skipped="0" hostname="DESKTOP-PSS892V" name="Testng.AddProduct" tests="6" failures="0" timestamp="2023-01-18T11:08:58 AST" time="117.392" errors="0">
  <testcase name="TC005" time="46.494" classname="Testng.AddProduct"/>
  <system-out/>
  <testcase name="TC006" time="14.322" classname="Testng.AddProduct"/>
  <system-out/>
  <testcase name="TC007" time="10.810" classname="Testng.AddProduct"/>
  <system-out/>
  <testcase name="TC008" time="10.902" classname="Testng.AddProduct"/>
  <system-out/>
  <testcase name="TC009" time="11.007" classname="Testng.AddProduct"/>
  <system-out/>
  <testcase name="TC010" time="23.857" classname="Testng.AddProduct"/>
  <system-out/>
</testsuite> <!-- Testng.AddProduct -->
