<?xml version="1.0" encoding="UTF-8"?>
<!-- Generated by org.testng.reporters.JUnitReportReporter -->
<testsuite skipped="0" hostname="DESKTOP-PSS892V" name="Testng.AddProduct" tests="6" failures="0" timestamp="2023-01-11T09:37:37 AST" time="59.600" errors="0">
  <testcase name="TC005" time="27.761" classname="Testng.AddProduct"/>
  <system-out/>
  <testcase name="TC006" time="9.569" classname="Testng.AddProduct"/>
  <system-out/>
  <testcase name="TC007" time="5.262" classname="Testng.AddProduct"/>
  <system-out/>
  <testcase name="TC008" time="5.976" classname="Testng.AddProduct"/>
  <system-out/>
  <testcase name="TC009" time="4.372" classname="Testng.AddProduct"/>
  <system-out/>
  <testcase name="TC010" time="6.660" classname="Testng.AddProduct"/>
  <system-out/>
</testsuite> <!-- Testng.AddProduct -->
