<?xml version="1.0" encoding="UTF-8"?>
<!-- Generated by org.testng.reporters.JUnitReportReporter -->
<testsuite skipped="0" hostname="DESKTOP-PSS892V" name="Testng.AddProduct" tests="6" failures="0" timestamp="2023-01-07T18:50:46 AST" time="78.501" errors="0">
  <testcase name="TC005" time="54.458" classname="Testng.AddProduct"/>
  <system-out/>
  <testcase name="TC006" time="6.433" classname="Testng.AddProduct"/>
  <system-out/>
  <testcase name="TC007" time="4.582" classname="Testng.AddProduct"/>
  <system-out/>
  <testcase name="TC008" time="4.203" classname="Testng.AddProduct"/>
  <system-out/>
  <testcase name="TC009" time="4.161" classname="Testng.AddProduct"/>
  <system-out/>
  <testcase name="TC010" time="4.664" classname="Testng.AddProduct"/>
  <system-out/>
</testsuite> <!-- Testng.AddProduct -->
