<?xml version="1.0" encoding="UTF-8"?>
<!-- Generated by org.testng.reporters.JUnitReportReporter -->
<testsuite skipped="0" hostname="DESKTOP-PSS892V" name="Testng.Purchase" tests="14" failures="0" timestamp="2023-01-09T18:56:40 AST" time="274.840" errors="0">
  <testcase name="TC017" time="45.769" classname="Testng.Purchase"/>
  <system-out/>
  <testcase name="TC018" time="23.313" classname="Testng.Purchase"/>
  <system-out/>
  <testcase name="TC019" time="20.436" classname="Testng.Purchase"/>
  <system-out/>
  <testcase name="TC020" time="21.390" classname="Testng.Purchase"/>
  <system-out/>
  <testcase name="TC021" time="12.095" classname="Testng.Purchase"/>
  <system-out/>
  <testcase name="TC022" time="25.205" classname="Testng.Purchase"/>
  <system-out/>
  <testcase name="TC023" time="24.115" classname="Testng.Purchase"/>
  <system-out/>
  <testcase name="TC024" time="30.800" classname="Testng.Purchase"/>
  <system-out/>
  <testcase name="TC025" time="9.207" classname="Testng.Purchase"/>
  <system-out/>
  <testcase name="TC026" time="7.301" classname="Testng.Purchase"/>
  <system-out/>
  <testcase name="TC027" time="13.481" classname="Testng.Purchase"/>
  <system-out/>
  <testcase name="TC028" time="12.359" classname="Testng.Purchase"/>
  <system-out/>
  <testcase name="TC029" time="10.338" classname="Testng.Purchase"/>
  <system-out/>
  <testcase name="TC030" time="19.031" classname="Testng.Purchase"/>
  <system-out/>
</testsuite> <!-- Testng.Purchase -->
