<?xml version="1.0" encoding="UTF-8"?>
<!-- Generated by org.testng.reporters.JUnitReportReporter -->
<testsuite skipped="0" hostname="DESKTOP-PSS892V" name="Testng.ListProduct" tests="6" failures="0" timestamp="2023-01-18T11:08:58 AST" time="170.951" errors="0">
  <testcase name="TC011" time="41.250" classname="Testng.ListProduct"/>
  <system-out/>
  <testcase name="TC012" time="25.293" classname="Testng.ListProduct"/>
  <system-out/>
  <testcase name="TC014" time="21.447" classname="Testng.ListProduct"/>
  <system-out/>
  <testcase name="TC015" time="29.643" classname="Testng.ListProduct"/>
  <system-out/>
  <testcase name="TC016" time="27.688" classname="Testng.ListProduct"/>
  <system-out/>
  <testcase name="TC013" time="25.630" classname="Testng.ListProduct"/>
  <system-out/>
</testsuite> <!-- Testng.ListProduct -->
