<?xml version="1.0" encoding="UTF-8"?>
<!-- Generated by org.testng.reporters.JUnitReportReporter -->
<testsuite skipped="0" hostname="DESKTOP-PSS892V" name="Testng.Purchase" tests="14" failures="0" timestamp="2023-01-11T09:49:44 AST" time="267.791" errors="0">
  <testcase name="TC017" time="41.309" classname="Testng.Purchase"/>
  <system-out/>
  <testcase name="TC018" time="23.542" classname="Testng.Purchase"/>
  <system-out/>
  <testcase name="TC019" time="20.487" classname="Testng.Purchase"/>
  <system-out/>
  <testcase name="TC020" time="21.325" classname="Testng.Purchase"/>
  <system-out/>
  <testcase name="TC021" time="12.035" classname="Testng.Purchase"/>
  <system-out/>
  <testcase name="TC022" time="25.165" classname="Testng.Purchase"/>
  <system-out/>
  <testcase name="TC023" time="24.131" classname="Testng.Purchase"/>
  <system-out/>
  <testcase name="TC024" time="28.300" classname="Testng.Purchase"/>
  <system-out/>
  <testcase name="TC025" time="9.289" classname="Testng.Purchase"/>
  <system-out/>
  <testcase name="TC026" time="7.242" classname="Testng.Purchase"/>
  <system-out/>
  <testcase name="TC027" time="13.309" classname="Testng.Purchase"/>
  <system-out/>
  <testcase name="TC028" time="13.405" classname="Testng.Purchase"/>
  <system-out/>
  <testcase name="TC029" time="10.202" classname="Testng.Purchase"/>
  <system-out/>
  <testcase name="TC030" time="18.050" classname="Testng.Purchase"/>
  <system-out/>
</testsuite> <!-- Testng.Purchase -->
