<?xml version="1.0" encoding="UTF-8"?>
<!-- Generated by org.testng.reporters.JUnitReportReporter -->
<testsuite skipped="0" hostname="DESKTOP-PSS892V" name="Testng.Purchase" tests="15" failures="0" timestamp="2023-01-18T11:16:25 AST" time="312.466" errors="0">
  <testcase name="TC017" time="54.147" classname="Testng.Purchase"/>
  <system-out/>
  <testcase name="TC018" time="20.315" classname="Testng.Purchase"/>
  <system-out/>
  <testcase name="TC019" time="20.494" classname="Testng.Purchase"/>
  <system-out/>
  <testcase name="TC020" time="21.358" classname="Testng.Purchase"/>
  <system-out/>
  <testcase name="TC021" time="12.116" classname="Testng.Purchase"/>
  <system-out/>
  <testcase name="TC022" time="24.112" classname="Testng.Purchase"/>
  <system-out/>
  <testcase name="TC023" time="23.172" classname="Testng.Purchase"/>
  <system-out/>
  <testcase name="TC024" time="29.542" classname="Testng.Purchase"/>
  <system-out/>
  <testcase name="TC025" time="9.205" classname="Testng.Purchase"/>
  <system-out/>
  <testcase name="TC026" time="7.364" classname="Testng.Purchase"/>
  <system-out/>
  <testcase name="TC027" time="19.265" classname="Testng.Purchase"/>
  <system-out/>
  <testcase name="TC028" time="18.510" classname="Testng.Purchase"/>
  <system-out/>
  <testcase name="TC029" time="12.998" classname="Testng.Purchase"/>
  <system-out/>
  <testcase name="TC030" time="18.837" classname="Testng.Purchase"/>
  <system-out/>
  <testcase name="TC030" time="21.031" classname="Testng.Purchase"/>
  <system-out/>
</testsuite> <!-- Testng.Purchase -->
