<?xml version="1.0" encoding="UTF-8"?>
<!-- Generated by org.testng.reporters.JUnitReportReporter -->
<testsuite skipped="0" hostname="DESKTOP-PSS892V" name="Testng.Login" tests="6" failures="0" timestamp="2023-01-06T18:43:13 AST" time="26.373" errors="0">
  <testcase name="TC001" time="6.580" classname="Testng.Login"/>
  <system-out/>
  <testcase name="TC001" time="7.828" classname="Testng.Login"/>
  <system-out/>
  <testcase name="TC001" time="6.869" classname="Testng.Login"/>
  <system-out/>
  <testcase name="TC002" time="1.585" classname="Testng.Login"/>
  <system-out/>
  <testcase name="TC002" time="1.426" classname="Testng.Login"/>
  <system-out/>
  <testcase name="TC002" time="2.085" classname="Testng.Login"/>
  <system-out/>
</testsuite> <!-- Testng.Login -->
