<?xml version="1.0" encoding="UTF-8"?>
<!-- Generated by org.testng.reporters.JUnitReportReporter -->
<testsuite skipped="0" hostname="DESKTOP-PSS892V" name="Testng.AddProduct" tests="6" failures="0" timestamp="2023-01-04T18:24:25 AST" time="48.434" errors="0">
  <testcase name="TC005" time="20.185" classname="Testng.AddProduct"/>
  <system-out/>
  <testcase name="TC006" time="6.559" classname="Testng.AddProduct"/>
  <system-out/>
  <testcase name="TC007" time="5.695" classname="Testng.AddProduct"/>
  <system-out/>
  <testcase name="TC008" time="4.703" classname="Testng.AddProduct"/>
  <system-out/>
  <testcase name="TC009" time="5.419" classname="Testng.AddProduct"/>
  <system-out/>
  <testcase name="TC010" time="5.873" classname="Testng.AddProduct"/>
  <system-out/>
</testsuite> <!-- Testng.AddProduct -->
